<?xml version="1.0" encoding="UTF-8"?>
<!-- Generated by org.testng.reporters.JUnitXMLReporter -->
<testsuite ignored="0" hostname="LAPTOP-A85LJTMK" failures="0" tests="3" name="Error Validations Test" time="16.447" errors="0" timestamp="2024-10-27T11:19:05 CET">
  <testcase classname="companyp.tests.ErrorValidationsTest" name="loginErrorValidation" time="0.069">
    <skipped/>
  </testcase> <!-- loginErrorValidation -->
  <testcase classname="companyp.tests.ErrorValidationsTest" name="loginErrorValidation" time="0.696"/>
  <testcase classname="companyp.tests.ErrorValidationsTest" name="productErrorValidations" time="0.0">
    <skipped/>
  </testcase> <!-- productErrorValidations -->
</testsuite> <!-- Error Validations Test -->
