<?xml version="1.0" encoding="UTF-8"?>
<testng-results ignored="0" total="1" passed="1" failed="0" skipped="0">
  <reporter-output>
  </reporter-output>
  <suite started-at="2024-10-23T16:13:40 CEST" name="Default suite" finished-at="2024-10-23T16:13:52 CEST" duration-ms="12490">
    <groups>
    </groups>
    <test started-at="2024-10-23T16:13:40 CEST" name="Default test" finished-at="2024-10-23T16:13:52 CEST" duration-ms="12490">
      <class name="companyp.ExtentReports.ExtentReportDemo">
        <test-method is-config="true" signature="config()[pri:0, instance:companyp.ExtentReports.ExtentReportDemo@2a4fb17b]" started-at="2024-10-23T16:13:40 CEST" name="config" finished-at="2024-10-23T16:13:40 CEST" duration-ms="320" status="PASS">
          <reporter-output>
          </reporter-output>
        </test-method> <!-- config -->
        <test-method signature="initialDemo()[pri:0, instance:companyp.ExtentReports.ExtentReportDemo@2a4fb17b]" started-at="2024-10-23T16:13:40 CEST" name="initialDemo" finished-at="2024-10-23T16:13:52 CEST" duration-ms="12106" status="PASS">
          <reporter-output>
          </reporter-output>
        </test-method> <!-- initialDemo -->
      </class> <!-- companyp.ExtentReports.ExtentReportDemo -->
    </test> <!-- Default test -->
  </suite> <!-- Default suite -->
</testng-results>
